<?xml version="1.0" encoding="UTF-8"?>
<!-- Generated by org.testng.reporters.JUnitReportReporter -->
<testsuite skipped="0" hostname="DESKTOP-TGG219U" name="com.navatar.scripts.SmokeTestCases" tests="7" failures="0" timestamp="2020-03-19T22:47:50 IST" time="1700.202" errors="0">
  <testcase name="PESmokeTc089_2_verifyCancelNextPreviousOnBulkEmail" time="352.663" classname="com.navatar.scripts.SmokeTestCases"/>
  <testcase name="PESmokeTc090_VerifySearchingOfContactAndSendingEmailByBulkEmail" time="187.816" classname="com.navatar.scripts.SmokeTestCases"/>
  <testcase name="PESmokeTc089_1_VerifyBulkEmailfunctionality" time="155.732" classname="com.navatar.scripts.SmokeTestCases"/>
  <testcase name="PESmokeTc091_verifyReceivedEmailAndCreatedActivity" time="461.783" classname="com.navatar.scripts.SmokeTestCases"/>
  <testcase name="PESmokeTc086_VerifyActivitiesAtOldInstitutionContactTransferAcc4" time="195.532" classname="com.navatar.scripts.SmokeTestCases"/>
  <testcase name="PESmokeTc087_VerifyActivitiesAtOldInstitutionContactTransferAcc5" time="174.669" classname="com.navatar.scripts.SmokeTestCases"/>
  <testcase name="PESmokeTc088_VerifyActivitiesAtNewInstitutionContactTransferAcc6" time="172.007" classname="com.navatar.scripts.SmokeTestCases"/>
</testsuite> <!-- com.navatar.scripts.SmokeTestCases -->
